[INFO] Scanning for projects...
[INFO] 
[INFO] ----------------< com.taskmanager:task-manager-backend >----------------
[INFO] Building task-manager-backend 1.0.0
[INFO]   from pom.xml
[INFO] --------------------------------[ jar ]---------------------------------
[INFO] 
[INFO] >>> spring-boot:3.2.0:run (default-cli) > test-compile @ task-manager-backend >>>
[INFO] 
[INFO] --- resources:3.3.1:resources (default-resources) @ task-manager-backend ---
[INFO] Copying 1 resource from src\main\resources to target\classes
[INFO] Copying 14 resources from src\main\resources to target\classes
[INFO] 
[INFO] --- compiler:3.11.0:compile (default-compile) @ task-manager-backend ---
[INFO] Nothing to compile - all classes are up to date
[INFO] 
[INFO] --- resources:3.3.1:testResources (default-testResources) @ task-manager-backend ---
[INFO] Copying 1 resource from src\test\resources to target\test-classes
[INFO] 
[INFO] --- compiler:3.11.0:testCompile (default-testCompile) @ task-manager-backend ---
[INFO] Changes detected - recompiling the module! :source
[INFO] Compiling 10 source files with javac [debug release 17] to target\test-classes
[INFO] /d:/develop/aicode/codebuddy_test1/task-manager-backend/src/test/java/com/taskmanager/controller/SysOperlogControllerTest.java: ÄłĐ©ĘäČëÎÄĽţĘąÓĂÁËÎ´ľ­Ľě˛é»ň˛»°˛Č«µÄ˛Ů×÷ˇŁ
[INFO] /d:/develop/aicode/codebuddy_test1/task-manager-backend/src/test/java/com/taskmanager/controller/SysOperlogControllerTest.java: ÓĐąŘĎęĎ¸ĐĹĎ˘, ÇëĘąÓĂ -Xlint:unchecked ÖŘĐÂ±ŕŇëˇŁ
[INFO] 
[INFO] <<< spring-boot:3.2.0:run (default-cli) < test-compile @ task-manager-backend <<<
[INFO] 
[INFO] 
[INFO] --- spring-boot:3.2.0:run (default-cli) @ task-manager-backend ---
[INFO] Attaching agents: []

  .   ____          _            __ _ _
 /\\ / ___'_ __ _ _(_)_ __  __ _ \ \ \ \
( ( )\___ | '_ | '_| | '_ \/ _` | \ \ \ \
 \\/  ___)| |_)| | | | | || (_| |  ) ) ) )
  '  |____| .__|_| |_|_| |_\__, | / / / /
 =========|_|==============|___/=/_/_/_/
 :: Spring Boot ::                (v3.2.0)

2026-04-25T22:14:06.027+08:00  INFO 23380 --- [ruoyi-admin] [           main] com.taskmanager.TaskManagerApplication   : Starting TaskManagerApplication using Java 17.0.7 with PID 23380 (D:\develop\aicode\codebuddy_test1\task-manager-backend\target\classes started by 01 in d:\develop\aicode\codebuddy_test1\task-manager-backend)
2026-04-25T22:14:06.032+08:00  INFO 23380 --- [ruoyi-admin] [           main] com.taskmanager.TaskManagerApplication   : No active profile set, falling back to 1 default profile: "default"
2026-04-25T22:14:06.975+08:00  INFO 23380 --- [ruoyi-admin] [           main] .s.d.r.c.RepositoryConfigurationDelegate : Multiple Spring Data modules found, entering strict repository configuration mode
2026-04-25T22:14:06.977+08:00  INFO 23380 --- [ruoyi-admin] [           main] .s.d.r.c.RepositoryConfigurationDelegate : Bootstrapping Spring Data Redis repositories in DEFAULT mode.
2026-04-25T22:14:07.014+08:00  INFO 23380 --- [ruoyi-admin] [           main] .s.d.r.c.RepositoryConfigurationDelegate : Finished Spring Data repository scanning in 20 ms. Found 0 Redis repository interfaces.
2026-04-25T22:14:08.034+08:00  INFO 23380 --- [ruoyi-admin] [           main] o.s.b.w.embedded.tomcat.TomcatWebServer  : Tomcat initialized with port 8080 (http)
2026-04-25T22:14:08.046+08:00  INFO 23380 --- [ruoyi-admin] [           main] o.apache.catalina.core.StandardService   : Starting service [Tomcat]
2026-04-25T22:14:08.046+08:00  INFO 23380 --- [ruoyi-admin] [           main] o.apache.catalina.core.StandardEngine    : Starting Servlet engine: [Apache Tomcat/10.1.16]
2026-04-25T22:14:08.126+08:00  INFO 23380 --- [ruoyi-admin] [           main] o.a.c.c.C.[Tomcat].[localhost].[/]       : Initializing Spring embedded WebApplicationContext
2026-04-25T22:14:08.127+08:00  INFO 23380 --- [ruoyi-admin] [           main] w.s.c.ServletWebServerApplicationContext : Root WebApplicationContext: initialization completed in 2038 ms
 _ _   |_  _ _|_. ___ _ |    _ 
| | |\/|_)(_| | |_\  |_)||_|_\ 
     /               |         
                        3.5.5 
2026-04-25T22:14:09.152+08:00  INFO 23380 --- [ruoyi-admin] [           main] com.zaxxer.hikari.HikariDataSource       : HikariPool-1 - Starting...
2026-04-25T22:14:09.321+08:00  INFO 23380 --- [ruoyi-admin] [           main] com.zaxxer.hikari.pool.HikariPool        : HikariPool-1 - Added connection com.mysql.cj.jdbc.ConnectionImpl@2375a976
2026-04-25T22:14:09.322+08:00  INFO 23380 --- [ruoyi-admin] [           main] com.zaxxer.hikari.HikariDataSource       : HikariPool-1 - Start completed.
2026-04-25T22:14:09.857+08:00  INFO 23380 --- [ruoyi-admin] [           main] o.s.s.web.DefaultSecurityFilterChain     : Will secure any request with [org.springframework.security.web.session.DisableEncodeUrlFilter@118e2487, org.springframework.security.web.context.request.async.WebAsyncManagerIntegrationFilter@6032622, org.springframework.security.web.context.SecurityContextHolderFilter@27055a2a, org.springframework.security.web.header.HeaderWriterFilter@4247093b, org.springframework.web.filter.CorsFilter@3ac0a14b, org.springframework.security.web.authentication.logout.LogoutFilter@6516181f, com.taskmanager.security.JwtAuthenticationFilter@6e9a10cd, org.springframework.security.web.savedrequest.RequestCacheAwareFilter@9499643, org.springframework.security.web.servletapi.SecurityContextHolderAwareRequestFilter@776d8097, org.springframework.security.web.authentication.AnonymousAuthenticationFilter@5cc075da, org.springframework.security.web.session.SessionManagementFilter@305289b3, org.springframework.security.web.access.ExceptionTranslationFilter@b340615, org.springframework.security.web.access.intercept.AuthorizationFilter@2ccecae2]
2026-04-25T22:14:10.835+08:00  WARN 23380 --- [ruoyi-admin] [           main] c.b.m.core.metadata.TableInfoHelper      : Can not find table primary key in Class: "com.taskmanager.domain.SysRoleMenu".
2026-04-25T22:14:10.836+08:00  WARN 23380 --- [ruoyi-admin] [           main] c.b.m.core.injector.DefaultSqlInjector   : class com.taskmanager.domain.SysRoleMenu ,Not found @TableId annotation, Cannot use Mybatis-Plus 'xxById' Method.
2026-04-25T22:14:10.846+08:00  WARN 23380 --- [ruoyi-admin] [           main] c.b.m.core.metadata.TableInfoHelper      : Can not find table primary key in Class: "com.taskmanager.domain.SysUserRole".
2026-04-25T22:14:10.846+08:00  WARN 23380 --- [ruoyi-admin] [           main] c.b.m.core.injector.DefaultSqlInjector   : class com.taskmanager.domain.SysUserRole ,Not found @TableId annotation, Cannot use Mybatis-Plus 'xxById' Method.
2026-04-25T22:14:10.917+08:00  INFO 23380 --- [ruoyi-admin] [           main] o.s.b.w.embedded.tomcat.TomcatWebServer  : Tomcat started on port 8080 (http) with context path ''
2026-04-25T22:14:10.926+08:00  INFO 23380 --- [ruoyi-admin] [           main] com.taskmanager.TaskManagerApplication   : Started TaskManagerApplication in 5.337 seconds (process running for 5.732)
2026-04-25T22:14:50.865+08:00  INFO 23380 --- [ruoyi-admin] [nio-8080-exec-1] o.a.c.c.C.[Tomcat].[localhost].[/]       : Initializing Spring DispatcherServlet 'dispatcherServlet'
2026-04-25T22:14:50.865+08:00  INFO 23380 --- [ruoyi-admin] [nio-8080-exec-1] o.s.web.servlet.DispatcherServlet        : Initializing Servlet 'dispatcherServlet'
2026-04-25T22:14:50.866+08:00  INFO 23380 --- [ruoyi-admin] [nio-8080-exec-1] o.s.web.servlet.DispatcherServlet        : Completed initialization in 1 ms
2026-04-25T22:15:46.822+08:00  WARN 23380 --- [ruoyi-admin] [nio-8080-exec-4] c.t.c.exception.GlobalExceptionHandler   : [Č¨ĎŢľÜľř] ÇëÇóµŘÖ·: /api/wms/warehouse/list, ŇěłŁĐĹĎ˘: Access Denied
2026-04-25T22:15:48.783+08:00  WARN 23380 --- [ruoyi-admin] [nio-8080-exec-1] c.t.c.exception.GlobalExceptionHandler   : [Č¨ĎŢľÜľř] ÇëÇóµŘÖ·: /api/wms/product/list, ŇěłŁĐĹĎ˘: Access Denied

d:\develop\aicode\codebuddy_test1\task-manager-backend>