Exception calling "Create" with "1" argument(s): "At line:1 char:8
+ @REM ---------------------------------------------------------------- ...
+        ~~~~~~~~~~~~~~~~~~~~~~~~~~~~~~~~~~~~~~~~~~~~~~~~~~~~~~~~~~~~~~
Unexpected token '--------------------------------------------------------------------------' in expression or statemen
t.
At line:2 char:6
+ @REM Licensed to the Apache Software Foundation (ASF) under one
+      ~~~~~~~~
Unexpected token 'Licensed' in expression or statement.
At line:3 char:6
+ @REM or more contributor license agreements.  See the NOTICE file
+      ~~
Unexpected token 'or' in expression or statement.
At line:4 char:6
+ @REM distributed with this work for additional information
+      ~~~~~~~~~~~
Unexpected token 'distributed' in expression or statement.
At line:5 char:6
+ @REM regarding copyright ownership.  The ASF licenses this file
+      ~~~~~~~~~
Unexpected token 'regarding' in expression or statement.
At line:6 char:6
+ @REM to you under the Apache License, Version 2.0 (the
+      ~~
Unexpected token 'to' in expression or statement.
At line:6 char:55
+ @REM to you under the Apache License, Version 2.0 (the
+                                                       ~
Missing closing ')' in expression.
At line:7 char:15
+ @REM "License"); you may not use this file except in compliance
+               ~
Unexpected token ')' in expression or statement.
At line:8 char:6
+ @REM with the License.  You may obtain a copy of the License at
+      ~~~~
Unexpected token 'with' in expression or statement.
At line:10 char:9
+ @REM    http://www.apache.org/licenses/LICENSE-2.0
+         ~~~~~~~~~~~~~~~~~~~~~~~~~~~~~~~~~~~~~~~~~~
Unexpected token 'http://www.apache.org/licenses/LICENSE-2.0' in expression or statement.
Not all parse errors were reported.  Correct the reported errors and try again."
At line:1 char:96
+ ... 'mvnw.cmd'; icm -ScriptBlock ([Scriptblock]::Create((Get-Content -Raw ...
+                 ~~~~~~~~~~~~~~~~~~~~~~~~~~~~~~~~~~~~~~~~~~~~~~~~~~~~~~~~~
    + CategoryInfo          : NotSpecified: (:) [], MethodInvocationException
    + FullyQualifiedErrorId : ParseException
 
Cannot run mvnw, please install Maven or add it to PATH
You can download Maven from https://maven.apache.org/download.cgi
