
  .   ____          _            __ _ _
 /\\ / ___'_ __ _ _(_)_ __  __ _ \ \ \ \
( ( )\___ | '_ | '_| | '_ \/ _` | \ \ \ \
 \\/  ___)| |_)| | | | | || (_| |  ) ) ) )
  '  |____| .__|_| |_|_| |_\__, | / / / /
 =========|_|==============|___/=/_/_/_/
 :: Spring Boot ::                (v3.2.0)

2026-04-27T08:58:04.512+08:00  INFO 35640 --- [ruoyi-admin] [           main] com.taskmanager.TaskManagerApplication   : Starting TaskManagerApplication v1.0.0 using Java 25.0.1 with PID 35640 (C:\dev\code\ai_code\codebuddy_test1\task-manager-backend\target\task-manager-backend-1.0.0.jar started by 51021 in C:\dev\code\ai_code\codebuddy_test1\task-manager-backend)
2026-04-27T08:58:04.515+08:00  INFO 35640 --- [ruoyi-admin] [           main] com.taskmanager.TaskManagerApplication   : No active profile set, falling back to 1 default profile: "default"
2026-04-27T08:58:05.142+08:00  INFO 35640 --- [ruoyi-admin] [           main] .s.d.r.c.RepositoryConfigurationDelegate : Multiple Spring Data modules found, entering strict repository configuration mode
2026-04-27T08:58:05.145+08:00  INFO 35640 --- [ruoyi-admin] [           main] .s.d.r.c.RepositoryConfigurationDelegate : Bootstrapping Spring Data Redis repositories in DEFAULT mode.
2026-04-27T08:58:05.170+08:00  INFO 35640 --- [ruoyi-admin] [           main] .s.d.r.c.RepositoryConfigurationDelegate : Finished Spring Data repository scanning in 15 ms. Found 0 Redis repository interfaces.
2026-04-27T08:58:05.794+08:00  INFO 35640 --- [ruoyi-admin] [           main] o.s.b.w.embedded.tomcat.TomcatWebServer  : Tomcat initialized with port 8080 (http)
2026-04-27T08:58:05.801+08:00  INFO 35640 --- [ruoyi-admin] [           main] o.apache.catalina.core.StandardService   : Starting service [Tomcat]
2026-04-27T08:58:05.801+08:00  INFO 35640 --- [ruoyi-admin] [           main] o.apache.catalina.core.StandardEngine    : Starting Servlet engine: [Apache Tomcat/10.1.16]
2026-04-27T08:58:05.850+08:00  INFO 35640 --- [ruoyi-admin] [           main] o.a.c.c.C.[Tomcat].[localhost].[/]       : Initializing Spring embedded WebApplicationContext
2026-04-27T08:58:05.852+08:00  INFO 35640 --- [ruoyi-admin] [           main] w.s.c.ServletWebServerApplicationContext : Root WebApplicationContext: initialization completed in 1272 ms
 _ _   |_  _ _|_. ___ _ |    _ 
| | |\/|_)(_| | |_\  |_)||_|_\ 
     /               |         
                        3.5.5 
2026-04-27T08:58:06.594+08:00  INFO 35640 --- [ruoyi-admin] [           main] com.zaxxer.hikari.HikariDataSource       : HikariPool-1 - Starting...
2026-04-27T08:58:06.745+08:00  INFO 35640 --- [ruoyi-admin] [           main] com.zaxxer.hikari.pool.HikariPool        : HikariPool-1 - Added connection com.mysql.cj.jdbc.ConnectionImpl@3e2c8ef
2026-04-27T08:58:06.747+08:00  INFO 35640 --- [ruoyi-admin] [           main] com.zaxxer.hikari.HikariDataSource       : HikariPool-1 - Start completed.
2026-04-27T08:58:07.167+08:00  INFO 35640 --- [ruoyi-admin] [           main] o.s.s.web.DefaultSecurityFilterChain     : Will secure any request with [org.springframework.security.web.session.DisableEncodeUrlFilter@3f033664, org.springframework.security.web.context.request.async.WebAsyncManagerIntegrationFilter@6abd8bcd, org.springframework.security.web.context.SecurityContextHolderFilter@24cbf894, org.springframework.security.web.header.HeaderWriterFilter@7adff6cb, org.springframework.web.filter.CorsFilter@4b6b5352, org.springframework.security.web.authentication.logout.LogoutFilter@2dd08ff1, com.taskmanager.security.JwtAuthenticationFilter@6136e1fc, org.springframework.security.web.savedrequest.RequestCacheAwareFilter@434d001d, org.springframework.security.web.servletapi.SecurityContextHolderAwareRequestFilter@36453773, org.springframework.security.web.authentication.AnonymousAuthenticationFilter@70cd122, org.springframework.security.web.session.SessionManagementFilter@185a0811, org.springframework.security.web.access.ExceptionTranslationFilter@b68932b, org.springframework.security.web.access.intercept.AuthorizationFilter@45451333]
2026-04-27T08:58:08.315+08:00  WARN 35640 --- [ruoyi-admin] [           main] c.b.m.core.metadata.TableInfoHelper      : Can not find table primary key in Class: "com.taskmanager.domain.SysRoleMenu".
2026-04-27T08:58:08.317+08:00  WARN 35640 --- [ruoyi-admin] [           main] c.b.m.core.injector.DefaultSqlInjector   : class com.taskmanager.domain.SysRoleMenu ,Not found @TableId annotation, Cannot use Mybatis-Plus 'xxById' Method.
2026-04-27T08:58:08.328+08:00  WARN 35640 --- [ruoyi-admin] [           main] c.b.m.core.metadata.TableInfoHelper      : Can not find table primary key in Class: "com.taskmanager.domain.SysUserRole".
2026-04-27T08:58:08.328+08:00  WARN 35640 --- [ruoyi-admin] [           main] c.b.m.core.injector.DefaultSqlInjector   : class com.taskmanager.domain.SysUserRole ,Not found @TableId annotation, Cannot use Mybatis-Plus 'xxById' Method.
2026-04-27T08:58:08.373+08:00  INFO 35640 --- [ruoyi-admin] [           main] o.s.b.w.embedded.tomcat.TomcatWebServer  : Tomcat started on port 8080 (http) with context path ''
2026-04-27T08:58:08.380+08:00  INFO 35640 --- [ruoyi-admin] [           main] com.taskmanager.TaskManagerApplication   : Started TaskManagerApplication in 4.18 seconds (process running for 4.535)
2026-04-27T08:58:13.785+08:00  INFO 35640 --- [ruoyi-admin] [nio-8080-exec-2] o.a.c.c.C.[Tomcat].[localhost].[/]       : Initializing Spring DispatcherServlet 'dispatcherServlet'
2026-04-27T08:58:13.786+08:00  INFO 35640 --- [ruoyi-admin] [nio-8080-exec-2] o.s.web.servlet.DispatcherServlet        : Initializing Servlet 'dispatcherServlet'
2026-04-27T08:58:13.787+08:00  INFO 35640 --- [ruoyi-admin] [nio-8080-exec-2] o.s.web.servlet.DispatcherServlet        : Completed initialization in 1 ms
